0 info it worked if it ends with ok
1 verbose cli [ 'node',
1 verbose cli   '/usr/local/bin/npm',
1 verbose cli   'install',
1 verbose cli   '-g',
1 verbose cli   'bower',
1 verbose cli   'grunt-cli' ]
2 info using npm@1.1.71
3 info using node@v0.6.2
4 verbose read json /usr/local/lib/package.json
5 verbose read json /usr/local/lib/package.json
6 verbose cache add [ 'bower', null ]
7 silly cache add name=undefined spec="bower" args=["bower",null]
8 verbose parsed url { pathname: 'bower', path: 'bower', href: 'bower' }
9 verbose cache add [ 'grunt-cli', null ]
10 silly cache add name=undefined spec="grunt-cli" args=["grunt-cli",null]
11 verbose parsed url { pathname: 'grunt-cli', path: 'grunt-cli', href: 'grunt-cli' }
12 silly lockFile 206e3ce5-bower bower
13 verbose lock bower /home/joseph/.npm/206e3ce5-bower.lock
14 silly lockFile 206e3ce5-bower bower
15 silly lockFile 671ef8ac-grunt-cli grunt-cli
16 verbose lock grunt-cli /home/joseph/.npm/671ef8ac-grunt-cli.lock
17 verbose addNamed [ 'bower', '' ]
18 verbose addNamed [ null, '' ]
19 silly lockFile 1240aab1-bower bower@
20 verbose lock bower@ /home/joseph/.npm/1240aab1-bower.lock
21 silly addNameRange { name: 'bower', range: '', hasData: false }
22 silly lockFile 671ef8ac-grunt-cli grunt-cli
23 verbose url raw bower
24 verbose url resolving [ 'https://registry.npmjs.org/', './bower' ]
25 verbose url resolved https://registry.npmjs.org/bower
26 info trying registry request attempt 1 at 15:44:49
27 http GET https://registry.npmjs.org/bower
28 verbose addNamed [ 'grunt-cli', '' ]
29 verbose addNamed [ null, '' ]
30 silly lockFile d63f3d0b-grunt-cli grunt-cli@
31 verbose lock grunt-cli@ /home/joseph/.npm/d63f3d0b-grunt-cli.lock
32 silly addNameRange { name: 'grunt-cli', range: '', hasData: false }
33 verbose url raw grunt-cli
34 verbose url resolving [ 'https://registry.npmjs.org/', './grunt-cli' ]
35 verbose url resolved https://registry.npmjs.org/grunt-cli
36 info trying registry request attempt 1 at 15:44:49
37 http GET https://registry.npmjs.org/grunt-cli
38 http 200 https://registry.npmjs.org/grunt-cli
39 silly registry.get cb [ 200,
39 silly registry.get   { vary: 'Accept',
39 silly registry.get     server: 'CouchDB/1.5.0 (Erlang OTP/R15B03)',
39 silly registry.get     etag: '"6XQHH5YFLY25O8RBK7H1V534B"',
39 silly registry.get     date: 'Sat, 30 Nov 2013 07:44:52 GMT',
39 silly registry.get     'content-type': 'application/json',
39 silly registry.get     'content-length': '28773' } ]
40 silly addNameRange number 2 { name: 'grunt-cli', range: '', hasData: true }
41 silly addNameRange versions [ 'grunt-cli',
41 silly addNameRange   [ '0.1.0',
41 silly addNameRange     '0.1.1',
41 silly addNameRange     '0.1.2',
41 silly addNameRange     '0.1.3',
41 silly addNameRange     '0.1.4',
41 silly addNameRange     '0.1.5',
41 silly addNameRange     '0.1.6',
41 silly addNameRange     '0.1.7',
41 silly addNameRange     '0.1.8',
41 silly addNameRange     '0.1.9',
41 silly addNameRange     '0.1.10',
41 silly addNameRange     '0.1.11' ] ]
42 verbose addNamed [ 'grunt-cli', '0.1.11' ]
43 verbose addNamed [ '0.1.11', '0.1.11' ]
44 silly lockFile 74ccdc9e-grunt-cli-0-1-11 grunt-cli@0.1.11
45 verbose lock grunt-cli@0.1.11 /home/joseph/.npm/74ccdc9e-grunt-cli-0-1-11.lock
46 silly lockFile a7d9e6ca-g-grunt-cli-grunt-cli-0-1-11-tgz https://registry.npmjs.org/grunt-cli/-/grunt-cli-0.1.11.tgz
47 verbose lock https://registry.npmjs.org/grunt-cli/-/grunt-cli-0.1.11.tgz /home/joseph/.npm/a7d9e6ca-g-grunt-cli-grunt-cli-0-1-11-tgz.lock
48 verbose addRemoteTarball [ 'https://registry.npmjs.org/grunt-cli/-/grunt-cli-0.1.11.tgz',
48 verbose addRemoteTarball   'a0d785b7f8633983ecb5e6af8397feb6e39dd0a8' ]
49 silly lockFile a7d9e6ca-g-grunt-cli-grunt-cli-0-1-11-tgz https://registry.npmjs.org/grunt-cli/-/grunt-cli-0.1.11.tgz
50 silly lockFile 74ccdc9e-grunt-cli-0-1-11 grunt-cli@0.1.11
51 silly lockFile d63f3d0b-grunt-cli grunt-cli@
52 error Error: EACCES, permission denied '/home/joseph/tmp/npm-3596'
52 error  { [Error: EACCES, permission denied '/home/joseph/tmp/npm-3596'] errno: 3, code: 'EACCES', path: '/home/joseph/tmp/npm-3596' }
53 error Please try running this command again as root/Administrator.
54 error System Linux 3.3.7-1.fc16.i686.PAE
55 error command "node" "/usr/local/bin/npm" "install" "-g" "bower" "grunt-cli"
56 error cwd /var/www/html/project/fbtoday/app/assets
57 error node -v v0.6.2
58 error npm -v 1.1.71
59 error path /home/joseph/tmp/npm-3596
60 error code EACCES
61 error errno 3
62 error stack Error: EACCES, permission denied '/home/joseph/tmp/npm-3596'
63 verbose exit [ 3, true ]
